2025-04-22 16:10:42,854 - INFO - LinkedIn profile loaded with saved cookies.
2025-04-22 16:11:08,865 - INFO - Navigated to https://www.linkedin.com/search/results/all/?keywords=opportunity&origin=TYPEAHEAD_HISTORY&searchId=a9bb3e54-1c83-4597-9fcc-f7cba6d19acd&sid=N.B&spellCorrectionEnabled=true
2025-04-22 16:11:45,055 - INFO - Scrolled down 5 times.
2025-04-22 16:12:10,380 - INFO - Scrolled up 5 times.
2025-04-22 16:12:10,544 - INFO - Child XPath NOT found in parent [1]! Running Function B...
2025-04-22 16:12:14,319 - INFO - Comment button clicked in parent [1].
2025-04-22 16:12:17,507 - INFO - Text editor clicked for parent [1].
2025-04-22 16:12:19,042 - INFO - Typed comment text: For RealTime Internship contact
2025-04-22 16:12:28,784 - INFO - Dropdown clicked for @kge t
2025-04-22 16:12:32,114 - INFO - Comment posted successfully!
2025-04-22 16:12:32,178 - INFO - Child XPath NOT found in parent [2]! Running Function B...
2025-04-22 16:12:35,950 - INFO - Comment button clicked in parent [2].
2025-04-22 16:12:39,240 - INFO - Text editor clicked for parent [2].
2025-04-22 16:12:40,781 - INFO - Typed comment text: For RealTime Internship contact
2025-04-22 16:12:51,605 - INFO - Dropdown clicked for @kge t
2025-04-22 16:12:54,978 - INFO - Comment posted successfully!
2025-04-22 16:12:55,038 - INFO - Child XPath NOT found in parent [3]! Running Function B...
2025-04-22 16:12:59,073 - INFO - Comment button clicked in parent [3].
2025-04-22 16:13:02,238 - INFO - Text editor clicked for parent [3].
2025-04-22 16:13:03,660 - INFO - Typed comment text: For RealTime Internship contact
2025-04-22 16:13:14,728 - INFO - Dropdown clicked for @kge t
2025-04-22 16:13:18,062 - INFO - Comment posted successfully!
2025-04-22 16:13:21,867 - INFO - Browser closed. Task completed.
